android/plugin/build/intermediates/manifest_merge_blame_file/debug/manifest-merger-blame-debug-report.txt
1<?xml version="1.0" encoding="utf-8"?>
2<manifest xmlns:android="http://schemas.android.com/apk/res/android"
3    package="com.donut.wx324c7e239a81ad0f"
4    android:versionName="0.0.1" >
5
6    <uses-sdk
7        android:minSdkVersion="21"
7-->src/main/AndroidManifest.xml
8        android:targetSdkVersion="29" />
8-->src/main/AndroidManifest.xml
9
10    <application>
10-->src/main/AndroidManifest.xml:5:5-25:19
11        <service
11-->src/main/AndroidManifest.xml:6:9-14:19
12            android:name="com.donut.wx324c7e239a81ad0f.JPushCustomService"
12-->src/main/AndroidManifest.xml:6:18-52
13            android:enabled="true"
13-->src/main/AndroidManifest.xml:7:13-35
14            android:exported="false"
14-->src/main/AndroidManifest.xml:8:13-37
15            android:process=":pushcore"
15-->src/main/AndroidManifest.xml:10:13-40
16            android:stopWithTask="true" >
16-->src/main/AndroidManifest.xml:9:13-40
17            <intent-filter>
17-->src/main/AndroidManifest.xml:11:13-13:29
18                <action android:name="cn.jiguang.user.service.action" />
18-->src/main/AndroidManifest.xml:12:17-73
18-->src/main/AndroidManifest.xml:12:25-70
19            </intent-filter>
20        </service>
21
22        <receiver
22-->src/main/AndroidManifest.xml:16:9-24:20
23            android:name="com.donut.wx324c7e239a81ad0f.JPushModuleReceiver"
23-->src/main/AndroidManifest.xml:17:13-48
24            android:enabled="true"
24-->src/main/AndroidManifest.xml:18:13-35
25            android:exported="false" >
25-->src/main/AndroidManifest.xml:19:13-37
26            <intent-filter>
26-->src/main/AndroidManifest.xml:20:13-23:29
27                <action android:name="cn.jpush.android.intent.RECEIVER_MESSAGE" />
27-->src/main/AndroidManifest.xml:21:17-83
27-->src/main/AndroidManifest.xml:21:25-80
28
29                <category android:name="${applicationId}" />
29-->src/main/AndroidManifest.xml:22:17-61
29-->src/main/AndroidManifest.xml:22:27-58
30            </intent-filter>
31        </receiver>
32    </application>
33
34</manifest>